<?xml version="1.0" encoding="UTF-8"?>
<testsuite name="MainDFSTest" tests="1" skipped="0" failures="0" errors="0" timestamp="2019-11-06T17:35:45" hostname="Marthes-MacBook-Pro.local" time="0.0">
  <properties/>
  <testcase name="outputIsCMEDerivedDataLicense" classname="MainDFSTest" time="0.0"/>
  <system-out><![CDATA[]]></system-out>
  <system-err><![CDATA[]]></system-err>
</testsuite>
